<?xml version="1.0" encoding="UTF-8"?>
<!-- Generated by org.testng.reporters.JUnitReportReporter -->
<testsuite name="com.selenium.testCase.LoginTest" tests="1" time="9.674" ignored="0" failures="0" timestamp="29 四月 2019 11:21:28 GMT" skipped="0" hostname="spacedeiMac-2.local" errors="0">
  <testcase name="login" time="9.674" classname="com.selenium.testCase.LoginTest"/>
</testsuite> <!-- com.selenium.testCase.LoginTest -->
