<?xml version="1.0" encoding="UTF-8"?>
<!-- Generated by org.testng.reporters.JUnitReportReporter -->
<testsuite name="com.selenium.testCase.DormitoryAddBuildTest" tests="1" time="2.437" ignored="0" failures="0" timestamp="23 四月 2019 10:23:52 GMT" skipped="0" hostname="spacedeiMac.local" errors="0">
  <testcase name="testAddBuild" time="2.437" classname="com.selenium.testCase.DormitoryAddBuildTest"/>
</testsuite> <!-- com.selenium.testCase.DormitoryAddBuildTest -->
