<?xml version="1.0" encoding="UTF-8"?>
<!-- Generated by org.testng.reporters.JUnitReportReporter -->
<testsuite name="com.selenium.testCase.CardTeacherTest" tests="14" time="73.482" ignored="0" failures="0" timestamp="29 四月 2019 11:21:28 GMT" skipped="0" hostname="spacedeiMac-2.local" errors="0">
  <testcase name="delCard" time="2.164" classname="com.selenium.testCase.CardTeacherTest"/>
  <testcase name="delCard" time="2.161" classname="com.selenium.testCase.CardTeacherTest"/>
  <testcase name="addCard" time="8.324" classname="com.selenium.testCase.CardTeacherTest"/>
  <testcase name="addCard" time="8.329" classname="com.selenium.testCase.CardTeacherTest"/>
  <testcase name="delCard" time="2.173" classname="com.selenium.testCase.CardTeacherTest"/>
  <testcase name="delCard" time="2.170" classname="com.selenium.testCase.CardTeacherTest"/>
  <testcase name="delCard" time="2.167" classname="com.selenium.testCase.CardTeacherTest"/>
  <testcase name="delCard" time="2.171" classname="com.selenium.testCase.CardTeacherTest"/>
  <testcase name="addCard" time="8.339" classname="com.selenium.testCase.CardTeacherTest"/>
  <testcase name="delCard" time="2.163" classname="com.selenium.testCase.CardTeacherTest"/>
  <testcase name="addCard" time="8.296" classname="com.selenium.testCase.CardTeacherTest"/>
  <testcase name="addCard" time="8.394" classname="com.selenium.testCase.CardTeacherTest"/>
  <testcase name="addCard" time="8.332" classname="com.selenium.testCase.CardTeacherTest"/>
  <testcase name="addCard" time="8.299" classname="com.selenium.testCase.CardTeacherTest"/>
</testsuite> <!-- com.selenium.testCase.CardTeacherTest -->
