<?xml version="1.0" encoding="UTF-8"?>
<testsuite xmlns:xsi="http://www.w3.org/2001/XMLSchema-instance" xsi:noNamespaceSchemaLocation="https://maven.apache.org/surefire/maven-surefire-plugin/xsd/surefire-test-report.xsd" name="TestSuite" time="95.526" tests="13" errors="0" skipped="0" failures="0">
  <properties>
    <property name="gopherProxySet" value="false"/>
    <property name="awt.toolkit" value="sun.lwawt.macosx.LWCToolkit"/>
    <property name="file.encoding.pkg" value="sun.io"/>
    <property name="java.specification.version" value="1.8"/>
    <property name="sun.cpu.isalist" value=""/>
    <property name="sun.jnu.encoding" value="UTF-8"/>
    <property name="java.class.path" value="/Users/space/eclipse-workspace/Dormitory/target/test-classes:/Users/space/eclipse-workspace/Dormitory/target/classes:/Users/space/.m2/repository/junit/junit/3.8.1/junit-3.8.1.jar:/Users/space/.m2/repository/mysql/mysql-connector-java/5.1.42/mysql-connector-java-5.1.42.jar:/Users/space/.m2/repository/com/aliyun/oss/aliyun-sdk-oss/2.0.6/aliyun-sdk-oss-2.0.6.jar:/Users/space/.m2/repository/org/apache/httpcomponents/httpclient/4.4/httpclient-4.4.jar:/Users/space/.m2/repository/org/jdom/jdom/1.1/jdom-1.1.jar:/Users/space/.m2/repository/net/sf/json-lib/json-lib/2.4/json-lib-2.4-jdk15.jar:/Users/space/.m2/repository/commons-beanutils/commons-beanutils/1.8.0/commons-beanutils-1.8.0.jar:/Users/space/.m2/repository/commons-collections/commons-collections/3.2.1/commons-collections-3.2.1.jar:/Users/space/.m2/repository/commons-lang/commons-lang/2.5/commons-lang-2.5.jar:/Users/space/.m2/repository/net/sf/ezmorph/ezmorph/1.0.6/ezmorph-1.0.6.jar:/Users/space/.m2/repository/org/apache/poi/poi-ooxml/3.17/poi-ooxml-3.17.jar:/Users/space/.m2/repository/org/apache/poi/poi-ooxml-schemas/3.17/poi-ooxml-schemas-3.17.jar:/Users/space/.m2/repository/org/apache/xmlbeans/xmlbeans/2.6.0/xmlbeans-2.6.0.jar:/Users/space/.m2/repository/stax/stax-api/1.0.1/stax-api-1.0.1.jar:/Users/space/.m2/repository/com/github/virtuald/curvesapi/1.04/curvesapi-1.04.jar:/Users/space/.m2/repository/org/apache/poi/poi/3.17/poi-3.17.jar:/Users/space/.m2/repository/commons-codec/commons-codec/1.10/commons-codec-1.10.jar:/Users/space/.m2/repository/org/apache/commons/commons-collections4/4.1/commons-collections4-4.1.jar:/Users/space/.m2/repository/log4j/log4j/1.2.17/log4j-1.2.17.jar:/Users/space/.m2/repository/org/slf4j/slf4j-api/1.7.7/slf4j-api-1.7.7.jar:/Users/space/.m2/repository/org/slf4j/slf4j-log4j12/1.7.7/slf4j-log4j12-1.7.7.jar:/Users/space/.m2/repository/org/seleniumhq/selenium/selenium-java/3.4.0/selenium-java-3.4.0.jar:/Users/space/.m2/repository/org/seleniumhq/selenium/selenium-api/3.4.0/selenium-api-3.4.0.jar:/Users/space/.m2/repository/org/seleniumhq/selenium/selenium-chrome-driver/3.4.0/selenium-chrome-driver-3.4.0.jar:/Users/space/.m2/repository/org/seleniumhq/selenium/selenium-edge-driver/3.4.0/selenium-edge-driver-3.4.0.jar:/Users/space/.m2/repository/org/seleniumhq/selenium/selenium-firefox-driver/3.4.0/selenium-firefox-driver-3.4.0.jar:/Users/space/.m2/repository/org/seleniumhq/selenium/selenium-ie-driver/3.4.0/selenium-ie-driver-3.4.0.jar:/Users/space/.m2/repository/org/seleniumhq/selenium/selenium-opera-driver/3.4.0/selenium-opera-driver-3.4.0.jar:/Users/space/.m2/repository/org/seleniumhq/selenium/selenium-remote-driver/3.4.0/selenium-remote-driver-3.4.0.jar:/Users/space/.m2/repository/org/seleniumhq/selenium/selenium-safari-driver/3.4.0/selenium-safari-driver-3.4.0.jar:/Users/space/.m2/repository/org/seleniumhq/selenium/selenium-support/3.4.0/selenium-support-3.4.0.jar:/Users/space/.m2/repository/cglib/cglib-nodep/3.2.4/cglib-nodep-3.2.4.jar:/Users/space/.m2/repository/org/apache/commons/commons-exec/1.3/commons-exec-1.3.jar:/Users/space/.m2/repository/org/apache/commons/commons-lang3/3.5/commons-lang3-3.5.jar:/Users/space/.m2/repository/commons-io/commons-io/2.5/commons-io-2.5.jar:/Users/space/.m2/repository/commons-logging/commons-logging/1.2/commons-logging-1.2.jar:/Users/space/.m2/repository/org/w3c/css/sac/1.3/sac-1.3.jar:/Users/space/.m2/repository/net/sourceforge/cssparser/cssparser/0.9.22/cssparser-0.9.22.jar:/Users/space/.m2/repository/com/google/code/gson/gson/2.8.0/gson-2.8.0.jar:/Users/space/.m2/repository/com/google/guava/guava/21.0/guava-21.0.jar:/Users/space/.m2/repository/org/hamcrest/hamcrest-core/1.3/hamcrest-core-1.3.jar:/Users/space/.m2/repository/net/sourceforge/htmlunit/htmlunit/2.26/htmlunit-2.26.jar:/Users/space/.m2/repository/net/sourceforge/htmlunit/htmlunit-core-js/2.26/htmlunit-core-js-2.26.jar:/Users/space/.m2/repository/net/sourceforge/htmlunit/neko-htmlunit/2.25/neko-htmlunit-2.25.jar:/Users/space/.m2/repository/org/apache/httpcomponents/httpcore/4.4.6/httpcore-4.4.6.jar:/Users/space/.m2/repository/org/apache/httpcomponents/httpmime/4.5.3/httpmime-4.5.3.jar:/Users/space/.m2/repository/org/eclipse/jetty/jetty-io/9.4.1.v20170120/jetty-io-9.4.1.v20170120.jar:/Users/space/.m2/repository/org/eclipse/jetty/jetty-util/9.4.1.v20170120/jetty-util-9.4.1.v20170120.jar:/Users/space/.m2/repository/net/java/dev/jna/jna/4.1.0/jna-4.1.0.jar:/Users/space/.m2/repository/net/java/dev/jna/jna-platform/4.1.0/jna-platform-4.1.0.jar:/Users/space/.m2/repository/com/codeborne/phantomjsdriver/1.4.0/phantomjsdriver-1.4.0.jar:/Users/space/.m2/repository/org/seleniumhq/selenium/htmlunit-driver/2.26/htmlunit-driver-2.26.jar:/Users/space/.m2/repository/javax/servlet/javax.servlet-api/3.1.0/javax.servlet-api-3.1.0.jar:/Users/space/.m2/repository/org/eclipse/jetty/websocket/websocket-api/9.4.3.v20170317/websocket-api-9.4.3.v20170317.jar:/Users/space/.m2/repository/org/eclipse/jetty/websocket/websocket-client/9.4.3.v20170317/websocket-client-9.4.3.v20170317.jar:/Users/space/.m2/repository/org/eclipse/jetty/jetty-client/9.4.3.v20170317/jetty-client-9.4.3.v20170317.jar:/Users/space/.m2/repository/org/eclipse/jetty/jetty-http/9.4.3.v20170317/jetty-http-9.4.3.v20170317.jar:/Users/space/.m2/repository/org/eclipse/jetty/websocket/websocket-common/9.4.3.v20170317/websocket-common-9.4.3.v20170317.jar:/Users/space/.m2/repository/xalan/serializer/2.7.2/serializer-2.7.2.jar:/Users/space/.m2/repository/xalan/xalan/2.7.2/xalan-2.7.2.jar:/Users/space/.m2/repository/xerces/xercesImpl/2.11.0/xercesImpl-2.11.0.jar:/Users/space/.m2/repository/xml-apis/xml-apis/1.4.01/xml-apis-1.4.01.jar:/Users/space/.m2/repository/org/testng/testng/6.10/testng-6.10.jar:/Users/space/.m2/repository/com/beust/jcommander/1.48/jcommander-1.48.jar:/Users/space/.m2/repository/javax/mail/mail/1.4.7/mail-1.4.7.jar:/Users/space/.m2/repository/javax/activation/activation/1.1/activation-1.1.jar:/Users/space/.m2/repository/org/uncommons/reportng/1.1.4/reportng-1.1.4.jar:/Users/space/.m2/repository/velocity/velocity/1.4/velocity-1.4.jar:/Users/space/.m2/repository/velocity/velocity-dep/1.4/velocity-dep-1.4.jar:/Users/space/.m2/repository/com/google/inject/guice/3.0/guice-3.0.jar:/Users/space/.m2/repository/javax/inject/javax.inject/1/javax.inject-1.jar:/Users/space/.m2/repository/aopalliance/aopalliance/1.0/aopalliance-1.0.jar:/Users/space/.m2/repository/io/appium/java-client/6.1.0/java-client-6.1.0.jar:/Users/space/.m2/repository/cglib/cglib/3.2.6/cglib-3.2.6.jar:/Users/space/.m2/repository/org/ow2/asm/asm/6.0/asm-6.0.jar:/Users/space/.m2/repository/org/apache/ant/ant/1.9.6/ant-1.9.6.jar:/Users/space/.m2/repository/org/apache/ant/ant-launcher/1.9.6/ant-launcher-1.9.6.jar:/Users/space/.m2/repository/commons-validator/commons-validator/1.6/commons-validator-1.6.jar:/Users/space/.m2/repository/commons-digester/commons-digester/1.8.1/commons-digester-1.8.1.jar:/Users/space/.m2/repository/org/springframework/spring-context/5.0.5.RELEASE/spring-context-5.0.5.RELEASE.jar:/Users/space/.m2/repository/org/springframework/spring-aop/5.0.5.RELEASE/spring-aop-5.0.5.RELEASE.jar:/Users/space/.m2/repository/org/springframework/spring-beans/5.0.5.RELEASE/spring-beans-5.0.5.RELEASE.jar:/Users/space/.m2/repository/org/springframework/spring-core/5.0.5.RELEASE/spring-core-5.0.5.RELEASE.jar:/Users/space/.m2/repository/org/springframework/spring-jcl/5.0.5.RELEASE/spring-jcl-5.0.5.RELEASE.jar:/Users/space/.m2/repository/org/springframework/spring-expression/5.0.5.RELEASE/spring-expression-5.0.5.RELEASE.jar:/Users/space/.m2/repository/org/aspectj/aspectjweaver/1.9.1/aspectjweaver-1.9.1.jar:/Users/space/.m2/repository/org/openpnp/opencv/3.2.0-1/opencv-3.2.0-1.jar:/Users/space/.m2/repository/org/apache/maven/surefire/surefire-testng-utils/2.22.0/surefire-testng-utils-2.22.0.jar:/Users/space/.m2/repository/org/apache/maven/surefire/surefire-grouper/2.22.0/surefire-grouper-2.22.0.jar:"/>
    <property name="java.vm.vendor" value="Oracle Corporation"/>
    <property name="sun.arch.data.model" value="64"/>
    <property name="java.vendor.url" value="http://java.oracle.com/"/>
    <property name="user.timezone" value=""/>
    <property name="java.vm.specification.version" value="1.8"/>
    <property name="os.name" value="Mac OS X"/>
    <property name="user.country" value="CN"/>
    <property name="sun.java.launcher" value="SUN_STANDARD"/>
    <property name="sun.boot.library.path" value="/Library/Java/JavaVirtualMachines/jdk1.8.0_211.jdk/Contents/Home/jre/lib"/>
    <property name="sun.java.command" value="/Users/space/eclipse-workspace/Dormitory/target/surefire/surefirebooter5913893064052351690.jar /Users/space/eclipse-workspace/Dormitory/target/surefire 2019-06-28T17-22-53_254-jvmRun1 surefire3657370581534901591tmp surefire_02704841076735819954tmp"/>
    <property name="http.nonProxyHosts" value="local|*.local|169.254/16|*.169.254/16"/>
    <property name="surefire.test.class.path" value="/Users/space/eclipse-workspace/Dormitory/target/test-classes:/Users/space/eclipse-workspace/Dormitory/target/classes:/Users/space/.m2/repository/junit/junit/3.8.1/junit-3.8.1.jar:/Users/space/.m2/repository/mysql/mysql-connector-java/5.1.42/mysql-connector-java-5.1.42.jar:/Users/space/.m2/repository/com/aliyun/oss/aliyun-sdk-oss/2.0.6/aliyun-sdk-oss-2.0.6.jar:/Users/space/.m2/repository/org/apache/httpcomponents/httpclient/4.4/httpclient-4.4.jar:/Users/space/.m2/repository/org/jdom/jdom/1.1/jdom-1.1.jar:/Users/space/.m2/repository/net/sf/json-lib/json-lib/2.4/json-lib-2.4-jdk15.jar:/Users/space/.m2/repository/commons-beanutils/commons-beanutils/1.8.0/commons-beanutils-1.8.0.jar:/Users/space/.m2/repository/commons-collections/commons-collections/3.2.1/commons-collections-3.2.1.jar:/Users/space/.m2/repository/commons-lang/commons-lang/2.5/commons-lang-2.5.jar:/Users/space/.m2/repository/net/sf/ezmorph/ezmorph/1.0.6/ezmorph-1.0.6.jar:/Users/space/.m2/repository/org/apache/poi/poi-ooxml/3.17/poi-ooxml-3.17.jar:/Users/space/.m2/repository/org/apache/poi/poi-ooxml-schemas/3.17/poi-ooxml-schemas-3.17.jar:/Users/space/.m2/repository/org/apache/xmlbeans/xmlbeans/2.6.0/xmlbeans-2.6.0.jar:/Users/space/.m2/repository/stax/stax-api/1.0.1/stax-api-1.0.1.jar:/Users/space/.m2/repository/com/github/virtuald/curvesapi/1.04/curvesapi-1.04.jar:/Users/space/.m2/repository/org/apache/poi/poi/3.17/poi-3.17.jar:/Users/space/.m2/repository/commons-codec/commons-codec/1.10/commons-codec-1.10.jar:/Users/space/.m2/repository/org/apache/commons/commons-collections4/4.1/commons-collections4-4.1.jar:/Users/space/.m2/repository/log4j/log4j/1.2.17/log4j-1.2.17.jar:/Users/space/.m2/repository/org/slf4j/slf4j-api/1.7.7/slf4j-api-1.7.7.jar:/Users/space/.m2/repository/org/slf4j/slf4j-log4j12/1.7.7/slf4j-log4j12-1.7.7.jar:/Users/space/.m2/repository/org/seleniumhq/selenium/selenium-java/3.4.0/selenium-java-3.4.0.jar:/Users/space/.m2/repository/org/seleniumhq/selenium/selenium-api/3.4.0/selenium-api-3.4.0.jar:/Users/space/.m2/repository/org/seleniumhq/selenium/selenium-chrome-driver/3.4.0/selenium-chrome-driver-3.4.0.jar:/Users/space/.m2/repository/org/seleniumhq/selenium/selenium-edge-driver/3.4.0/selenium-edge-driver-3.4.0.jar:/Users/space/.m2/repository/org/seleniumhq/selenium/selenium-firefox-driver/3.4.0/selenium-firefox-driver-3.4.0.jar:/Users/space/.m2/repository/org/seleniumhq/selenium/selenium-ie-driver/3.4.0/selenium-ie-driver-3.4.0.jar:/Users/space/.m2/repository/org/seleniumhq/selenium/selenium-opera-driver/3.4.0/selenium-opera-driver-3.4.0.jar:/Users/space/.m2/repository/org/seleniumhq/selenium/selenium-remote-driver/3.4.0/selenium-remote-driver-3.4.0.jar:/Users/space/.m2/repository/org/seleniumhq/selenium/selenium-safari-driver/3.4.0/selenium-safari-driver-3.4.0.jar:/Users/space/.m2/repository/org/seleniumhq/selenium/selenium-support/3.4.0/selenium-support-3.4.0.jar:/Users/space/.m2/repository/cglib/cglib-nodep/3.2.4/cglib-nodep-3.2.4.jar:/Users/space/.m2/repository/org/apache/commons/commons-exec/1.3/commons-exec-1.3.jar:/Users/space/.m2/repository/org/apache/commons/commons-lang3/3.5/commons-lang3-3.5.jar:/Users/space/.m2/repository/commons-io/commons-io/2.5/commons-io-2.5.jar:/Users/space/.m2/repository/commons-logging/commons-logging/1.2/commons-logging-1.2.jar:/Users/space/.m2/repository/org/w3c/css/sac/1.3/sac-1.3.jar:/Users/space/.m2/repository/net/sourceforge/cssparser/cssparser/0.9.22/cssparser-0.9.22.jar:/Users/space/.m2/repository/com/google/code/gson/gson/2.8.0/gson-2.8.0.jar:/Users/space/.m2/repository/com/google/guava/guava/21.0/guava-21.0.jar:/Users/space/.m2/repository/org/hamcrest/hamcrest-core/1.3/hamcrest-core-1.3.jar:/Users/space/.m2/repository/net/sourceforge/htmlunit/htmlunit/2.26/htmlunit-2.26.jar:/Users/space/.m2/repository/net/sourceforge/htmlunit/htmlunit-core-js/2.26/htmlunit-core-js-2.26.jar:/Users/space/.m2/repository/net/sourceforge/htmlunit/neko-htmlunit/2.25/neko-htmlunit-2.25.jar:/Users/space/.m2/repository/org/apache/httpcomponents/httpcore/4.4.6/httpcore-4.4.6.jar:/Users/space/.m2/repository/org/apache/httpcomponents/httpmime/4.5.3/httpmime-4.5.3.jar:/Users/space/.m2/repository/org/eclipse/jetty/jetty-io/9.4.1.v20170120/jetty-io-9.4.1.v20170120.jar:/Users/space/.m2/repository/org/eclipse/jetty/jetty-util/9.4.1.v20170120/jetty-util-9.4.1.v20170120.jar:/Users/space/.m2/repository/net/java/dev/jna/jna/4.1.0/jna-4.1.0.jar:/Users/space/.m2/repository/net/java/dev/jna/jna-platform/4.1.0/jna-platform-4.1.0.jar:/Users/space/.m2/repository/com/codeborne/phantomjsdriver/1.4.0/phantomjsdriver-1.4.0.jar:/Users/space/.m2/repository/org/seleniumhq/selenium/htmlunit-driver/2.26/htmlunit-driver-2.26.jar:/Users/space/.m2/repository/javax/servlet/javax.servlet-api/3.1.0/javax.servlet-api-3.1.0.jar:/Users/space/.m2/repository/org/eclipse/jetty/websocket/websocket-api/9.4.3.v20170317/websocket-api-9.4.3.v20170317.jar:/Users/space/.m2/repository/org/eclipse/jetty/websocket/websocket-client/9.4.3.v20170317/websocket-client-9.4.3.v20170317.jar:/Users/space/.m2/repository/org/eclipse/jetty/jetty-client/9.4.3.v20170317/jetty-client-9.4.3.v20170317.jar:/Users/space/.m2/repository/org/eclipse/jetty/jetty-http/9.4.3.v20170317/jetty-http-9.4.3.v20170317.jar:/Users/space/.m2/repository/org/eclipse/jetty/websocket/websocket-common/9.4.3.v20170317/websocket-common-9.4.3.v20170317.jar:/Users/space/.m2/repository/xalan/serializer/2.7.2/serializer-2.7.2.jar:/Users/space/.m2/repository/xalan/xalan/2.7.2/xalan-2.7.2.jar:/Users/space/.m2/repository/xerces/xercesImpl/2.11.0/xercesImpl-2.11.0.jar:/Users/space/.m2/repository/xml-apis/xml-apis/1.4.01/xml-apis-1.4.01.jar:/Users/space/.m2/repository/org/testng/testng/6.10/testng-6.10.jar:/Users/space/.m2/repository/com/beust/jcommander/1.48/jcommander-1.48.jar:/Users/space/.m2/repository/javax/mail/mail/1.4.7/mail-1.4.7.jar:/Users/space/.m2/repository/javax/activation/activation/1.1/activation-1.1.jar:/Users/space/.m2/repository/org/uncommons/reportng/1.1.4/reportng-1.1.4.jar:/Users/space/.m2/repository/velocity/velocity/1.4/velocity-1.4.jar:/Users/space/.m2/repository/velocity/velocity-dep/1.4/velocity-dep-1.4.jar:/Users/space/.m2/repository/com/google/inject/guice/3.0/guice-3.0.jar:/Users/space/.m2/repository/javax/inject/javax.inject/1/javax.inject-1.jar:/Users/space/.m2/repository/aopalliance/aopalliance/1.0/aopalliance-1.0.jar:/Users/space/.m2/repository/io/appium/java-client/6.1.0/java-client-6.1.0.jar:/Users/space/.m2/repository/cglib/cglib/3.2.6/cglib-3.2.6.jar:/Users/space/.m2/repository/org/ow2/asm/asm/6.0/asm-6.0.jar:/Users/space/.m2/repository/org/apache/ant/ant/1.9.6/ant-1.9.6.jar:/Users/space/.m2/repository/org/apache/ant/ant-launcher/1.9.6/ant-launcher-1.9.6.jar:/Users/space/.m2/repository/commons-validator/commons-validator/1.6/commons-validator-1.6.jar:/Users/space/.m2/repository/commons-digester/commons-digester/1.8.1/commons-digester-1.8.1.jar:/Users/space/.m2/repository/org/springframework/spring-context/5.0.5.RELEASE/spring-context-5.0.5.RELEASE.jar:/Users/space/.m2/repository/org/springframework/spring-aop/5.0.5.RELEASE/spring-aop-5.0.5.RELEASE.jar:/Users/space/.m2/repository/org/springframework/spring-beans/5.0.5.RELEASE/spring-beans-5.0.5.RELEASE.jar:/Users/space/.m2/repository/org/springframework/spring-core/5.0.5.RELEASE/spring-core-5.0.5.RELEASE.jar:/Users/space/.m2/repository/org/springframework/spring-jcl/5.0.5.RELEASE/spring-jcl-5.0.5.RELEASE.jar:/Users/space/.m2/repository/org/springframework/spring-expression/5.0.5.RELEASE/spring-expression-5.0.5.RELEASE.jar:/Users/space/.m2/repository/org/aspectj/aspectjweaver/1.9.1/aspectjweaver-1.9.1.jar:/Users/space/.m2/repository/org/openpnp/opencv/3.2.0-1/opencv-3.2.0-1.jar:/Users/space/.m2/repository/org/apache/maven/surefire/surefire-testng-utils/2.22.0/surefire-testng-utils-2.22.0.jar:/Users/space/.m2/repository/org/apache/maven/surefire/surefire-grouper/2.22.0/surefire-grouper-2.22.0.jar:"/>
    <property name="sun.cpu.endian" value="little"/>
    <property name="user.home" value="/Users/space"/>
    <property name="user.language" value="zh"/>
    <property name="java.specification.vendor" value="Oracle Corporation"/>
    <property name="java.home" value="/Library/Java/JavaVirtualMachines/jdk1.8.0_211.jdk/Contents/Home/jre"/>
    <property name="basedir" value="/Users/space/eclipse-workspace/Dormitory"/>
    <property name="file.separator" value="/"/>
    <property name="line.separator" value="&#10;"/>
    <property name="java.vm.specification.vendor" value="Oracle Corporation"/>
    <property name="java.specification.name" value="Java Platform API Specification"/>
    <property name="java.awt.graphicsenv" value="sun.awt.CGraphicsEnvironment"/>
    <property name="surefire.real.class.path" value="/Users/space/eclipse-workspace/Dormitory/target/surefire/surefirebooter5913893064052351690.jar"/>
    <property name="sun.boot.class.path" value="/Library/Java/JavaVirtualMachines/jdk1.8.0_211.jdk/Contents/Home/jre/lib/resources.jar:/Library/Java/JavaVirtualMachines/jdk1.8.0_211.jdk/Contents/Home/jre/lib/rt.jar:/Library/Java/JavaVirtualMachines/jdk1.8.0_211.jdk/Contents/Home/jre/lib/sunrsasign.jar:/Library/Java/JavaVirtualMachines/jdk1.8.0_211.jdk/Contents/Home/jre/lib/jsse.jar:/Library/Java/JavaVirtualMachines/jdk1.8.0_211.jdk/Contents/Home/jre/lib/jce.jar:/Library/Java/JavaVirtualMachines/jdk1.8.0_211.jdk/Contents/Home/jre/lib/charsets.jar:/Library/Java/JavaVirtualMachines/jdk1.8.0_211.jdk/Contents/Home/jre/lib/jfr.jar:/Library/Java/JavaVirtualMachines/jdk1.8.0_211.jdk/Contents/Home/jre/classes"/>
    <property name="sun.management.compiler" value="HotSpot 64-Bit Tiered Compilers"/>
    <property name="ftp.nonProxyHosts" value="local|*.local|169.254/16|*.169.254/16"/>
    <property name="java.runtime.version" value="1.8.0_211-b12"/>
    <property name="user.name" value="space"/>
    <property name="path.separator" value=":"/>
    <property name="os.version" value="10.14.5"/>
    <property name="java.endorsed.dirs" value="/Library/Java/JavaVirtualMachines/jdk1.8.0_211.jdk/Contents/Home/jre/lib/endorsed"/>
    <property name="java.runtime.name" value="Java(TM) SE Runtime Environment"/>
    <property name="file.encoding" value="UTF-8"/>
    <property name="java.vm.name" value="Java HotSpot(TM) 64-Bit Server VM"/>
    <property name="localRepository" value="/Users/space/.m2/repository"/>
    <property name="java.vendor.url.bug" value="http://bugreport.sun.com/bugreport/"/>
    <property name="java.io.tmpdir" value="/var/folders/x8/xwg6z06d2k90bg__vlp4lt2w0000gn/T/"/>
    <property name="java.version" value="1.8.0_211"/>
    <property name="user.dir" value="/Users/space/eclipse-workspace/Dormitory/target"/>
    <property name="os.arch" value="x86_64"/>
    <property name="java.vm.specification.name" value="Java Virtual Machine Specification"/>
    <property name="java.awt.printerjob" value="sun.lwawt.macosx.CPrinterJob"/>
    <property name="sun.os.patch.level" value="unknown"/>
    <property name="java.library.path" value="/Users/space/Library/Java/Extensions:/Library/Java/Extensions:/Network/Library/Java/Extensions:/System/Library/Java/Extensions:/usr/lib/java:."/>
    <property name="java.vm.info" value="mixed mode"/>
    <property name="java.vendor" value="Oracle Corporation"/>
    <property name="java.vm.version" value="25.211-b12"/>
    <property name="java.ext.dirs" value="/Users/space/Library/Java/Extensions:/Library/Java/JavaVirtualMachines/jdk1.8.0_211.jdk/Contents/Home/jre/lib/ext:/Library/Java/Extensions:/Network/Library/Java/Extensions:/System/Library/Java/Extensions:/usr/lib/java"/>
    <property name="sun.io.unicode.encoding" value="UnicodeBig"/>
    <property name="java.class.version" value="52.0"/>
    <property name="socksNonProxyHosts" value="local|*.local|169.254/16|*.169.254/16"/>
  </properties>
  <testcase name="login" classname="com.selenium.testCase.LoginTest" time="9.007"/>
  <testcase name="delBuild" classname="com.selenium.testCase.DormitoryDelBuildTest" time="8.681"/>
  <testcase name="delRoom" classname="com.selenium.testCase.DormitoryDelBuildTest" time="6.369"/>
  <testcase name="entryRoom" classname="com.selenium.testCase.DormitoryDelBuildTest" time="4.121"/>
  <testcase name="delStuTest" classname="com.selenium.testCase.DormitoryDelBuildTest" time="18.198"/>
  <testcase name="testAddBuild" classname="com.selenium.testCase.DormitoryAddBuildTest" time="2.428"/>
  <testcase name="testAddRoom" classname="com.selenium.testCase.DormitoryAddBuildTest" time="9.76"/>
  <testcase name="entryRoom" classname="com.selenium.testCase.DormitoryAddBuildTest" time="4.121"/>
  <testcase name="testAddStu" classname="com.selenium.testCase.DormitoryAddBuildTest" time="6.644"/>
  <testcase name="testAddStu" classname="com.selenium.testCase.DormitoryAddBuildTest" time="3.389"/>
  <testcase name="testAddStu" classname="com.selenium.testCase.DormitoryAddBuildTest" time="3.395"/>
  <testcase name="testAddStu" classname="com.selenium.testCase.DormitoryAddBuildTest" time="3.365"/>
  <testcase name="testAddStu" classname="com.selenium.testCase.DormitoryAddBuildTest" time="3.382"/>
</testsuite>