<?xml version="1.0" encoding="UTF-8"?>
<!-- Generated by org.testng.reporters.JUnitReportReporter -->
<testsuite name="com.selenium.testCase.DormitoryAddBuildTest" tests="6" time="24.304" ignored="2" failures="0" timestamp="17 六月 2019 06:09:00 GMT" skipped="0" hostname="spacedeiMac-4.local" errors="0">
  <testcase name="testAddStu" time="3.369" classname="com.selenium.testCase.DormitoryAddBuildTest"/>
  <testcase name="entryRoom" time="4.140" classname="com.selenium.testCase.DormitoryAddBuildTest"/>
  <testcase name="testAddStu" time="3.368" classname="com.selenium.testCase.DormitoryAddBuildTest"/>
  <testcase name="testAddStu" time="6.658" classname="com.selenium.testCase.DormitoryAddBuildTest"/>
  <testcase name="testAddStu" time="3.413" classname="com.selenium.testCase.DormitoryAddBuildTest"/>
  <testcase name="testAddStu" time="3.356" classname="com.selenium.testCase.DormitoryAddBuildTest"/>
  <testcase name="testAddBuild" classname="com.selenium.testCase.DormitoryAddBuildTest">
    <skipped/>
  </testcase> <!-- testAddBuild -->
  <testcase name="testAddRoom" classname="com.selenium.testCase.DormitoryAddBuildTest">
    <skipped/>
  </testcase> <!-- testAddRoom -->
</testsuite> <!-- com.selenium.testCase.DormitoryAddBuildTest -->
