<?xml version="1.0" encoding="UTF-8"?>
<!-- Generated by org.testng.reporters.JUnitReportReporter -->
<testsuite name="com.selenium.testCase.LoginTest" tests="1" time="9.006" ignored="0" failures="0" timestamp="28 六月 2019 09:24:29 GMT" skipped="0" hostname="spacedeiMac-4.local" errors="0">
  <testcase name="login" time="9.006" classname="com.selenium.testCase.LoginTest"/>
</testsuite> <!-- com.selenium.testCase.LoginTest -->
