<?xml version="1.0" encoding="UTF-8"?>
<!-- Generated by org.testng.reporters.JUnitReportReporter -->
<testsuite name="com.selenium.testCase.DormitoryAddBuildTest" tests="8" time="36.485" ignored="0" failures="0" timestamp="28 六月 2019 09:24:29 GMT" skipped="0" hostname="spacedeiMac-4.local" errors="0">
  <testcase name="testAddStu" time="3.395" classname="com.selenium.testCase.DormitoryAddBuildTest"/>
  <testcase name="entryRoom" time="4.122" classname="com.selenium.testCase.DormitoryAddBuildTest"/>
  <testcase name="testAddStu" time="3.381" classname="com.selenium.testCase.DormitoryAddBuildTest"/>
  <testcase name="testAddRoom" time="9.760" classname="com.selenium.testCase.DormitoryAddBuildTest"/>
  <testcase name="testAddStu" time="3.389" classname="com.selenium.testCase.DormitoryAddBuildTest"/>
  <testcase name="testAddBuild" time="2.428" classname="com.selenium.testCase.DormitoryAddBuildTest"/>
  <testcase name="testAddStu" time="3.365" classname="com.selenium.testCase.DormitoryAddBuildTest"/>
  <testcase name="testAddStu" time="6.645" classname="com.selenium.testCase.DormitoryAddBuildTest"/>
</testsuite> <!-- com.selenium.testCase.DormitoryAddBuildTest -->
