<?xml version="1.0" encoding="UTF-8"?>
<!-- Generated by org.testng.reporters.JUnitReportReporter -->
<testsuite name="com.selenium.testCase.DormitoryDelBuildTest" tests="2" time="9.785" ignored="2" failures="0" timestamp="17 六月 2019 08:41:37 GMT" skipped="0" hostname="spacedeiMac-4.local" errors="0">
  <testcase name="entryRoom" time="4.144" classname="com.selenium.testCase.DormitoryDelBuildTest"/>
  <testcase name="delStuTest" time="5.641" classname="com.selenium.testCase.DormitoryDelBuildTest"/>
  <testcase name="delBuild" classname="com.selenium.testCase.DormitoryDelBuildTest">
    <skipped/>
  </testcase> <!-- delBuild -->
  <testcase name="delRoom" classname="com.selenium.testCase.DormitoryDelBuildTest">
    <skipped/>
  </testcase> <!-- delRoom -->
</testsuite> <!-- com.selenium.testCase.DormitoryDelBuildTest -->
