<?xml version="1.0" encoding="UTF-8"?>
<!-- Generated by org.testng.reporters.JUnitReportReporter -->
<testsuite name="com.selenium.testCase.DormitoryDelBuildTest" tests="4" time="37.367" ignored="0" failures="0" timestamp="28 六月 2019 09:24:29 GMT" skipped="0" hostname="spacedeiMac-4.local" errors="0">
  <testcase name="entryRoom" time="4.121" classname="com.selenium.testCase.DormitoryDelBuildTest"/>
  <testcase name="delRoom" time="6.369" classname="com.selenium.testCase.DormitoryDelBuildTest"/>
  <testcase name="delBuild" time="8.680" classname="com.selenium.testCase.DormitoryDelBuildTest"/>
  <testcase name="delStuTest" time="18.197" classname="com.selenium.testCase.DormitoryDelBuildTest"/>
</testsuite> <!-- com.selenium.testCase.DormitoryDelBuildTest -->
